<?xml version="1.0" encoding="UTF-8"?>
<testng-results skipped="0" failed="0" total="1" passed="1">
  <reporter-output>
  </reporter-output>
  <suite name="Default suite" duration-ms="13156" started-at="2017-11-16T14:51:35Z" finished-at="2017-11-16T14:51:48Z">
    <groups>
    </groups>
    <test name="Default test" duration-ms="13156" started-at="2017-11-16T14:51:35Z" finished-at="2017-11-16T14:51:48Z">
      <class name="test.TestGuru99Login">
        <test-method status="PASS" signature="setup()[pri:0, instance:test.TestGuru99Login@68be2bc2]" name="setup" is-config="true" duration-ms="10648" started-at="2017-11-16T20:21:35Z" finished-at="2017-11-16T20:21:46Z">
          <reporter-output>
          </reporter-output>
        </test-method> <!-- setup -->
        <test-method status="PASS" signature="verify_homePageText()[pri:0, instance:test.TestGuru99Login@68be2bc2]" name="verify_homePageText" duration-ms="2491" started-at="2017-11-16T20:21:46Z" finished-at="2017-11-16T20:21:48Z">
          <reporter-output>
          </reporter-output>
        </test-method> <!-- verify_homePageText -->
      </class> <!-- test.TestGuru99Login -->
    </test> <!-- Default test -->
  </suite> <!-- Default suite -->
</testng-results>
